#
# A fatal error has been detected by the Java Runtime Environment:
#
#  EXCEPTION_ACCESS_VIOLATION (0xc0000005) at pc=0x28be5f80, pid=32648, tid=2328
#
# JRE version: Java(TM) SE Runtime Environment (7.0_40-b43) (build 1.7.0_40-b43)
# Java VM: Java HotSpot(TM) Client VM (24.0-b56 mixed mode windows-x86 )
# Problematic frame:
# C  0x28be5f80
#
# Failed to write core dump. Minidumps are not enabled by default on client versions of Windows
#
# If you would like to submit a bug report, please visit:
#   http://bugreport.sun.com/bugreport/crash.jsp
# The crash happened outside the Java Virtual Machine in native code.
# See problematic frame for where to report the bug.
#

---------------  T H R E A D  ---------------

Current thread (0x01fb9000):  JavaThread "Finalizer" daemon [_thread_in_native, id=2328, stack(0x28330000,0x28380000)]

siginfo: ExceptionCode=0xc0000005, ExceptionInformation=0x00000008 0x28be5f80

Registers:
EAX=0x28be5f80, EBX=0x242f5d88, ECX=0x01fb9130, EDX=0x2432b800
ESP=0x2837f3ec, EBP=0x2837f420, ESI=0x242f5d88, EDI=0x01fb9000
EIP=0x28be5f80, EFLAGS=0x00010283

Top of Stack: (sp=0x2837f3ec)
0x2837f3ec:   01fca9dd 01fb9130 2837f428 0072ba58
0x2837f3fc:   00000000 2837f400 00000000 2837f434
0x2837f40c:   2432b800 00000000 242f5d88 00000000
0x2837f41c:   2837f430 2837f458 01fc3207 06684d78
0x2837f42c:   01fc88c9 0072ba58 00000000 2837f438
0x2837f43c:   242f406d 2837f460 2432b800 00000000
0x2837f44c:   242f4090 2837f430 2837f460 2837f47c
0x2837f45c:   01fc03d7 0691a410 2837f48c 6dd0e6e2 

Instructions: (pc=0x28be5f80)
0x28be5f60:   
[error occurred during error reporting (printing registers, top of stack, instructions near pc), id 0xc0000005]

Register to memory mapping:

EAX=0x28be5f80 is an unknown value
EBX=0x242f5d88 is an oop
{method} 
 - klass: {other class}
ECX=0x01fb9130 is an unknown value
EDX=0x2432b800 is an oop
{constant pool cache} 
 - klass: {other class}
                 -------------
  0  (0x2432b810)  [00|b7|    1]
                 [   0x242de2d8]
                 [   0x00000000]
                 [   0x80000001]
                 -------------
  1  (0x2432b820)  [b5|b4|    2]
                 [   0x06684d78]
                 [   0x00000010]
                 [   0x44000000]
                 -------------
  2  (0x2432b830)  [00|00|    5]
                 [   0x00000000]
                 [   0x00000000]
                 [   0x00000000]
                 -------------
  3  (0x2432b840)  [00|b8|    6]
                 [   0x242f5d08]
                 [   0x00000000]
                 [   0x40000002]
                 -------------
  4  (0x2432b850)  [b5|b4|    7]
                 [   0x06684580]
                 [   0x00000008]
                 [   0x44000002]
                 -------------
  5  (0x2432b860)  [00|00|   10]
                 [   0x00000000]
                 [   0x00000000]
                 [   0x00000000]
                 -------------
  6  (0x2432b870)  [00|00|   12]
                 [   0x00000000]
                 [   0x00000000]
                 [   0x00000000]
                 -------------
  7  (0x2432b880)  [00|00|   13]
                 [   0x00000000]
                 [   0x00000000]
                 [   0x00000000]
                 -------------
  8  (0x2432b890)  [00|00|   15]
                 [   0x00000000]
                 [   0x00000000]
                 [   0x00000000]
                 -------------
  9  (0x2432b8a0)  [00|00|   16]
                 [   0x00000000]
                 [   0x00000000]
                 [   0x00000000]
                 -------------
 10  (0x2432b8b0)  [00|00|   17]
                 [   0x00000000]
                 [   0x00000000]
                 [   0x00000000]
                 -------------
 11  (0x2432b8c0)  [00|00|   18]
                 [   0x00000000]
                 [   0x00000000]
                 [   0x00000000]
                 -------------
 12  (0x2432b8d0)  [b6|00|   19]
                 [   0x00000000]
                 [   0x0000003e]
                 [   0x80000005]
                 -------------
 13  (0x2432b8e0)  [00|00|   21]
                 [   0x00000000]
                 [   0x00000000]
                 [   0x00000000]
                 -------------
 14  (0x2432b8f0)  [00|00|   23]
                 [   0x00000000]
                 [   0x00000000]
                 [   0x00000000]
                 -------------
 15  (0x2432b900)  [00|b8|   26]
                 [   0x242f5d88]
                 [   0x00000000]
                 [   0x80000002]
                 -------------
 16  (0x2432b910)  [00|00|   27]
                 [   0x00000000]
                 [   0x00000000]
                 [   0x00000000]
                 -------------
 17  (0x2432b920)  [00|00|   30]
                 [   0x00000000]
                 [   0x00000000]
                 [   0x00000000]
                 -------------
 18  (0x2432b930)  [00|00|   33]
                 [   0x00000000]
                 [   0x00000000]
                 [   0x00000000]
                 -------------
 19  (0x2432b940)  [00|00|   34]
                 [   0x00000000]
                 [   0x00000000]
                 [   0x00000000]
                 -------------
 20  (0x2432b950)  [00|00|   35]
                 [   0x00000000]
                 [   0x00000000]
                 [   0x00000000]
                 -------------
 21  (0x2432b960)  [00|00|   36]
                 [   0x00000000]
                 [   0x00000000]
                 [   0x00000000]
                 -------------
 22  (0x2432b970)  [00|00|   37]
                 [   0x00000000]
                 [   0x00000000]
                 [   0x00000000]
                 -------------
 23  (0x2432b980)  [00|00|   38]
                 [   0x00000000]
                 [   0x00000000]
                 [   0x00000000]
                 -------------
 24  (0x2432b990)  [00|00|   39]
                 [   0x00000000]
                 [   0x00000000]
                 [   0x00000000]
                 -------------
 25  (0x2432b9a0)  [00|00|   40]
                 [   0x00000000]
                 [   0x00000000]
                 [   0x00000000]
                 -------------
 26  (0x2432b9b0)  [00|00|   41]
                 [   0x00000000]
                 [   0x00000000]
                 [   0x00000000]
                 -------------
 27  (0x2432b9c0)  [00|00|   42]
                 [   0x00000000]
                 [   0x00000000]
                 [   0x00000000]
                 -------------
 28  (0x2432b9d0)  [00|00|   43]
                 [   0x00000000]
                 [   0x00000000]
                 [   0x00000000]
                 -------------
 29  (0x2432b9e0)  [00|00|   44]
                 [   0x00000000]
                 [   0x00000000]
                 [   0x00000000]
                 -------------
 30  (0x2432b9f0)  [00|00|   45]
                 [   0x00000000]
                 [   0x00000000]
                 [   0x00000000]
                 -------------
 31  (0x2432ba00)  [00|00|   46]
                 [   0x00000000]
                 [   0x00000000]
                 [   0x00000000]
                 -------------
 32  (0x2432ba10)  [00|00|   47]
                 [   0x00000000]
                 [   0x00000000]
                 [   0x00000000]
                 -------------
 33  (0x2432ba20)  [00|00|   48]
                 [   0x00000000]
                 [   0x00000000]
                 [   0x00000000]
                 -------------
 34  (0x2432ba30)  [00|00|   51]
                 [   0x00000000]
                 [   0x00000000]
                 [   0x00000000]
                 -------------
 35  (0x2432ba40)  [00|b7|   54]
                 [   0x242e05a0]
                 [   0x00000000]
                 [   0x30000003]
                 -------------
 36  (0x2432ba50)  [00|00|   57]
                 [   0x00000000]
                 [   0x00000000]
                 [   0x00000000]
                 -------------
 37  (0x2432ba60)  [00|00|   58]
                 [   0x00000000]
                 [   0x00000000]
                 [   0x00000000]
                 -------------
 38  (0x2432ba70)  [00|00|   59]
                 [   0x00000000]
                 [   0x00000000]
                 [   0x00000000]
                 -------------
 39  (0x2432ba80)  [00|00|   60]
                 [   0x00000000]
                 [   0x00000000]
                 [   0x00000000]
                 -------------
 40  (0x2432ba90)  [00|00|   61]
                 [   0x00000000]
                 [   0x00000000]
                 [   0x00000000]
                 -------------
 41  (0x2432baa0)  [00|00|   62]
                 [   0x00000000]
                 [   0x00000000]
                 [   0x00000000]
                 -------------
 42  (0x2432bab0)  [00|00|   63]
                 [   0x00000000]
                 [   0x00000000]
                 [   0x00000000]
                 -------------
 43  (0x2432bac0)  [00|00|   64]
                 [   0x00000000]
                 [   0x00000000]
                 [   0x00000000]
                 -------------
 44  (0x2432bad0)  [00|b2|   65]
                 [   0x06684118]
                 [   0x000000dc]
                 [   0x34400006]
                 -------------
 45  (0x2432bae0)  [00|00|   66]
                 [   0x00000000]
                 [   0x00000000]
                 [   0x00000000]
                 -------------
 46  (0x2432baf0)  [00|00|   67]
                 [   0x00000000]
                 [   0x00000000]
                 [   0x00000000]
                 -------------
 47  (0x2432bb00)  [00|b7|   68]
                 [   0x242e2718]
                 [   0x00000000]
                 [   0x80000004]
                 -------------
 48  (0x2432bb10)  [00|00|   69]
                 [   0x00000000]
                 [   0x00000000]
                 [   0x00000000]
                 -------------
 49  (0x2432bb20)  [00|00|   70]
                 [   0x00000000]
                 [   0x00000000]
                 [   0x00000000]
                 -------------
 50  (0x2432bb30)  [00|00|   71]
                 [   0x00000000]
                 [   0x00000000]
                 [   0x00000000]
                 -------------
 51  (0x2432bb40)  [00|00|   72]
                 [   0x00000000]
                 [   0x00000000]
                 [   0x00000000]
                 -------------
 52  (0x2432bb50)  [b6|00|   73]
                 [   0x00000000]
                 [   0x23fc3db8]
                 [   0x30500001]
                 -------------
 53  (0x2432bb60)  [00|00|   74]
                 [   0x00000000]
                 [   0x00000000]
                 [   0x00000000]
                 -------------
 54  (0x2432bb70)  [00|b7|   75]
                 [   0x242e2f80]
                 [   0x00000000]
                 [   0x80000005]
                 -------------
 55  (0x2432bb80)  [00|00|   77]
                 [   0x00000000]
                 [   0x00000000]
                 [   0x00000000]
                 -------------
ESP=0x2837f3ec is pointing into the stack for thread: 0x01fb9000
EBP=0x2837f420 is pointing into the stack for thread: 0x01fb9000
ESI=0x242f5d88 is an oop
{method} 
 - klass: {other class}
EDI=0x01fb9000 is a thread


Stack: [0x28330000,0x28380000],  sp=0x2837f3ec,  free space=316k
Native frames: (J=compiled Java code, j=interpreted, Vv=VM code, C=native code)
C  0x28be5f80
j  com.sun.jna.Memory.finalize()V+13
v  ~StubRoutines::call_stub
V  [jvm.dll+0x13ee1a]
V  [jvm.dll+0x20283e]
V  [jvm.dll+0x13ee9d]
V  [jvm.dll+0xc9962]
V  [jvm.dll+0xcd40f]
C  [java.dll+0x20b5]
j  java.lang.ref.Finalizer.runFinalizer()V+45
j  java.lang.ref.Finalizer.access$100(Ljava/lang/ref/Finalizer;)V+1
j  java.lang.ref.Finalizer$FinalizerThread.run()V+24
v  ~StubRoutines::call_stub
V  [jvm.dll+0x13ee1a]
V  [jvm.dll+0x20283e]
V  [jvm.dll+0x13efe5]
V  [jvm.dll+0x13f047]
V  [jvm.dll+0xeb5af]
V  [jvm.dll+0x16006c]
V  [jvm.dll+0x160aa7]
V  [jvm.dll+0x1a46d9]
C  [msvcr100.dll+0x5c6de]
C  [msvcr100.dll+0x5c788]
C  [KERNEL32.DLL+0x1919f]
C  [ntdll.dll+0x4a8cb]
C  [ntdll.dll+0x4a8a1]

Java frames: (J=compiled Java code, j=interpreted, Vv=VM code)
j  com.sun.jna.Memory.free(J)V+0
j  com.sun.jna.Memory.finalize()V+13
v  ~StubRoutines::call_stub
j  java.lang.ref.Finalizer.invokeFinalizeMethod(Ljava/lang/Object;)V+0
j  java.lang.ref.Finalizer.runFinalizer()V+45
j  java.lang.ref.Finalizer.access$100(Ljava/lang/ref/Finalizer;)V+1
j  java.lang.ref.Finalizer$FinalizerThread.run()V+24
v  ~StubRoutines::call_stub

---------------  P R O C E S S  ---------------

Java Threads: ( => current thread )
  0x294fd400 JavaThread "Thread-10" daemon [_thread_in_native, id=32720, stack(0x2a250000,0x2a2a0000)]
  0x294fc800 JavaThread "AWT-EventQueue-0" [_thread_blocked, id=28484, stack(0x29e00000,0x29e50000)]
  0x294fb000 JavaThread "AWT-Shutdown" [_thread_blocked, id=29472, stack(0x29d70000,0x29dc0000)]
  0x294fc000 JavaThread "TimerQueue" daemon [_thread_blocked, id=34968, stack(0x29ce0000,0x29d30000)]
  0x294fa800 JavaThread "Java2D Disposer" daemon [_thread_blocked, id=6488, stack(0x29910000,0x29960000)]
  0x2856a800 JavaThread "JmDNS(Dominick-HP.local.).Timer" daemon [_thread_blocked, id=28616, stack(0x29090000,0x290e0000)]
  0x2856a400 JavaThread "JmDNS(Dominick-HP.local.).State.Timer" [_thread_blocked, id=31248, stack(0x29000000,0x29050000)]
  0x2855c800 JavaThread "JmDNS(Dominick-HP.local.).Timer" daemon [_thread_blocked, id=33608, stack(0x28f70000,0x28fc0000)]
  0x2855a800 JavaThread "SocketListener(Dominick-HP.local.)" daemon [_thread_in_native, id=30792, stack(0x28ee0000,0x28f30000)]
  0x28532800 JavaThread "JmDNS(Dominick-HP.local.).Timer" daemon [_thread_blocked, id=18972, stack(0x28e50000,0x28ea0000)]
  0x2852a400 JavaThread "JmDNS(Dominick-HP.local.).State.Timer" [_thread_blocked, id=19076, stack(0x28dc0000,0x28e10000)]
  0x28529c00 JavaThread "JmDNS(Dominick-HP.local.).Timer" daemon [_thread_blocked, id=22876, stack(0x28d30000,0x28d80000)]
  0x28529400 JavaThread "SocketListener(Dominick-HP.local.)" daemon [_thread_in_native, id=25836, stack(0x28ca0000,0x28cf0000)]
  0x284a7000 JavaThread "cc.arduino.packages.discoverers.NetworkDiscovery timer" [_thread_blocked, id=13896, stack(0x28890000,0x288e0000)]
  0x283a6800 JavaThread "Service Thread" daemon [_thread_blocked, id=35140, stack(0x28770000,0x287c0000)]
  0x2839b400 JavaThread "C1 CompilerThread0" daemon [_thread_blocked, id=23276, stack(0x286e0000,0x28730000)]
  0x28399000 JavaThread "Attach Listener" daemon [_thread_blocked, id=34148, stack(0x28650000,0x286a0000)]
  0x28397000 JavaThread "Signal Dispatcher" daemon [_thread_blocked, id=23984, stack(0x285c0000,0x28610000)]
=>0x01fb9000 JavaThread "Finalizer" daemon [_thread_in_native, id=2328, stack(0x28330000,0x28380000)]
  0x01fb3c00 JavaThread "Reference Handler" daemon [_thread_blocked, id=18204, stack(0x282a0000,0x282f0000)]
  0x01e0d800 JavaThread "main" [_thread_blocked, id=15588, stack(0x01d60000,0x01db0000)]

Other Threads:
  0x01fb2000 VMThread [stack: 0x28210000,0x28260000] [id=24172]
  0x283bf000 WatcherThread [stack: 0x28800000,0x28850000] [id=7352]

VM state:not at safepoint (normal execution)

VM Mutex/Monitor currently owned by a thread: None

Heap
 def new generation   total 39296K, used 9971K [0x03fc0000, 0x06a60000, 0x0ea60000)
  eden space 34944K,  16% used [0x03fc0000, 0x0453cf80, 0x061e0000)
  from space 4352K, 100% used [0x06620000, 0x06a60000, 0x06a60000)
  to   space 4352K,   0% used [0x061e0000, 0x061e0000, 0x06620000)
 tenured generation   total 87424K, used 550K [0x0ea60000, 0x13fc0000, 0x23fc0000)
   the space 87424K,   0% used [0x0ea60000, 0x0eae9948, 0x0eae9a00, 0x13fc0000)
 compacting perm gen  total 12288K, used 9412K [0x23fc0000, 0x24bc0000, 0x27fc0000)
   the space 12288K,  76% used [0x23fc0000, 0x248f13a0, 0x248f1400, 0x24bc0000)
No shared spaces configured.

Card table byte_map: [0x27fc0000,0x280f0000] byte_map_base: 0x27fa0200

Polling page: 0x01cf0000

Code Cache  [0x01fc0000, 0x020f0000, 0x03fc0000)
 total_blobs=693 nmethods=465 adapters=165 free_code_cache=31568Kb largest_free_block=32325312

Compilation events (10 events):
Event: 14.471 Thread 0x2839b400  467             java.util.EventObject::getSource (5 bytes)
Event: 14.471 Thread 0x2839b400 nmethod 467 0x020eb408 code [0x020eb500, 0x020eb580]
Event: 14.476 Thread 0x2839b400  468             java.awt.Component::isVisible_NoClientCode (5 bytes)
Event: 14.476 Thread 0x2839b400 nmethod 468 0x020eb5c8 code [0x020eb6c0, 0x020eb740]
Event: 14.479 Thread 0x2839b400  469             java.awt.Component::isVisible (5 bytes)
Event: 14.479 Thread 0x2839b400 nmethod 469 0x020eb788 code [0x020eb880, 0x020eb900]
Event: 15.469 Thread 0x2839b400  471             java.awt.EventQueue::getNextEventPrivate (76 bytes)
Event: 15.469 Thread 0x2839b400 nmethod 471 0x020ebbc8 code [0x020ebce0, 0x020ebe1c]
Event: 15.987 Thread 0x2839b400  472             java.awt.Component::getComponentOrientation (5 bytes)
Event: 15.987 Thread 0x2839b400 nmethod 472 0x020ebf88 code [0x020ec080, 0x020ec100]

GC Heap History (2 events):
Event: 16.047 GC heap before
{Heap before GC invocations=0 (full 0):
 def new generation   total 39296K, used 34944K [0x03fc0000, 0x06a60000, 0x0ea60000)
  eden space 34944K, 100% used [0x03fc0000, 0x061e0000, 0x061e0000)
  from space 4352K,   0% used [0x061e0000, 0x061e0000, 0x06620000)
  to   space 4352K,   0% used [0x06620000, 0x06620000, 0x06a60000)
 tenured generation   total 87424K, used 0K [0x0ea60000, 0x13fc0000, 0x23fc0000)
   the space 87424K,   0% used [0x0ea60000, 0x0ea60000, 0x0ea60200, 0x13fc0000)
 compacting perm gen  total 12288K, used 9412K [0x23fc0000, 0x24bc0000, 0x27fc0000)
   the space 12288K,  76% used [0x23fc0000, 0x248f1010, 0x248f1200, 0x24bc0000)
No shared spaces configured.
Event: 16.064 GC heap after
Heap after GC invocations=1 (full 0):
 def new generation   total 39296K, used 4352K [0x03fc0000, 0x06a60000, 0x0ea60000)
  eden space 34944K,   0% used [0x03fc0000, 0x03fc0000, 0x061e0000)
  from space 4352K, 100% used [0x06620000, 0x06a60000, 0x06a60000)
  to   space 4352K,   0% used [0x061e0000, 0x061e0000, 0x06620000)
 tenured generation   total 87424K, used 550K [0x0ea60000, 0x13fc0000, 0x23fc0000)
   the space 87424K,   0% used [0x0ea60000, 0x0eae9948, 0x0eae9a00, 0x13fc0000)
 compacting perm gen  total 12288K, used 9412K [0x23fc0000, 0x24bc0000, 0x27fc0000)
   the space 12288K,  76% used [0x23fc0000, 0x248f1010, 0x248f1200, 0x24bc0000)
No shared spaces configured.
}

Deoptimization events (0 events):
No events

Internal exceptions (10 events):
Event: 8.512 Thread 0x01e0d800 Threw 0x05f69c90 at C:\jdk7u2_32P\jdk7u40\hotspot\src\share\vm\prims\jvm.cpp:1244
Event: 8.540 Thread 0x01e0d800 Threw 0x05f77cc8 at C:\jdk7u2_32P\jdk7u40\hotspot\src\share\vm\prims\jvm.cpp:1244
Event: 8.693 Thread 0x01e0d800 Threw 0x05f9ecc8 at C:\jdk7u2_32P\jdk7u40\hotspot\src\share\vm\prims\jvm.cpp:1244
Event: 8.695 Thread 0x01e0d800 Threw 0x05fb0ae0 at C:\jdk7u2_32P\jdk7u40\hotspot\src\share\vm\prims\jvm.cpp:1244
Event: 8.733 Thread 0x01e0d800 Threw 0x05fb9d00 at C:\jdk7u2_32P\jdk7u40\hotspot\src\share\vm\prims\jvm.cpp:1244
Event: 8.771 Thread 0x2852a400 Threw 0x04af7720 at C:\jdk7u2_32P\jdk7u40\hotspot\src\share\vm\prims\jvm.cpp:1244
Event: 8.896 Thread 0x01e0d800 Threw 0x05fd6278 at C:\jdk7u2_32P\jdk7u40\hotspot\src\share\vm\prims\jvm.cpp:1244
Event: 8.897 Thread 0x01e0d800 Threw 0x05fdc028 at C:\jdk7u2_32P\jdk7u40\hotspot\src\share\vm\prims\jvm.cpp:1244
Event: 8.946 Thread 0x294fc800 Threw 0x06024058 at C:\jdk7u2_32P\jdk7u40\hotspot\src\share\vm\prims\jvm.cpp:1244
Event: 9.083 Thread 0x294fc800 Threw 0x06053318 at C:\jdk7u2_32P\jdk7u40\hotspot\src\share\vm\prims\jvm.cpp:1244

Events (10 events):
Event: 16.066 Executing VM operation: RevokeBias done
Event: 16.067 Executing VM operation: RevokeBias
Event: 16.067 Executing VM operation: RevokeBias done
Event: 16.068 Thread 0x294fd000 Thread exited: 0x294fd000
Event: 16.073 Executing VM operation: RevokeBias
Event: 16.073 Executing VM operation: RevokeBias done
Event: 16.073 Executing VM operation: RevokeBias
Event: 16.073 Executing VM operation: RevokeBias done
Event: 16.073 Executing VM operation: BulkRevokeBias
Event: 16.073 Executing VM operation: BulkRevokeBias done


Dynamic libraries:
0x00270000 - 0x0029f000 	C:\Users\Dominick\Desktop\GyroPalm IDE\GyroPalm IDE\bin\Debug\arduino\java\bin\java.exe
0x77b00000 - 0x77c68000 	C:\Windows\SYSTEM32\ntdll.dll
0x75700000 - 0x75840000 	C:\Windows\SYSTEM32\KERNEL32.DLL
0x77960000 - 0x77a2f000 	C:\Windows\SYSTEM32\KERNELBASE.dll
0x72c70000 - 0x72d09000 	C:\Windows\system32\apphelp.dll
0x78f10000 - 0x79169000 	C:\Windows\AppPatch\AcGenral.DLL
0x77710000 - 0x777ce000 	C:\Windows\SYSTEM32\msvcrt.dll
0x75d20000 - 0x75d5e000 	C:\Windows\SYSTEM32\sechost.dll
0x75530000 - 0x7554d000 	C:\Windows\SYSTEM32\SspiCli.dll
0x759c0000 - 0x75a01000 	C:\Windows\SYSTEM32\SHLWAPI.dll
0x71fa0000 - 0x7207b000 	C:\Windows\SYSTEM32\UxTheme.dll
0x777d0000 - 0x7791f000 	C:\Windows\SYSTEM32\USER32.dll
0x75de0000 - 0x75ee8000 	C:\Windows\SYSTEM32\GDI32.dll
0x71d30000 - 0x71d50000 	C:\Windows\SYSTEM32\WINMM.dll
0x72b00000 - 0x72b12000 	C:\Windows\SYSTEM32\samcli.dll
0x755f0000 - 0x756fc000 	C:\Windows\SYSTEM32\ole32.dll
0x77620000 - 0x776a7000 	C:\Windows\SYSTEM32\OLEAUT32.dll
0x6e300000 - 0x6e315000 	C:\Windows\SYSTEM32\MSACM32.dll
0x75030000 - 0x75038000 	C:\Windows\SYSTEM32\VERSION.dll
0x76190000 - 0x7733d000 	C:\Windows\SYSTEM32\SHELL32.dll
0x74af0000 - 0x74b09000 	C:\Windows\SYSTEM32\USERENV.dll
0x71d90000 - 0x71da8000 	C:\Windows\SYSTEM32\dwmapi.dll
0x727f0000 - 0x72912000 	C:\Windows\SYSTEM32\urlmon.dll
0x77390000 - 0x77408000 	C:\Windows\SYSTEM32\ADVAPI32.dll
0x72a10000 - 0x72a6e000 	C:\Windows\SYSTEM32\WINSPOOL.DRV
0x72a70000 - 0x72a84000 	C:\Windows\SYSTEM32\MPR.dll
0x75c60000 - 0x75d11000 	C:\Windows\SYSTEM32\RPCRT4.dll
0x75520000 - 0x75529000 	C:\Windows\SYSTEM32\CRYPTBASE.dll
0x76040000 - 0x7618e000 	C:\Windows\SYSTEM32\combase.dll
0x71b60000 - 0x71b80000 	C:\Windows\SYSTEM32\WINMMBASE.dll
0x74ad0000 - 0x74ade000 	C:\Windows\SYSTEM32\profapi.dll
0x74b10000 - 0x74d29000 	C:\Windows\SYSTEM32\iertutil.dll
0x74e70000 - 0x7502d000 	C:\Windows\SYSTEM32\WININET.dll
0x754c0000 - 0x75513000 	C:\Windows\SYSTEM32\bcryptPrimitives.dll
0x75d60000 - 0x75d9a000 	C:\Windows\SYSTEM32\cfgmgr32.dll
0x71b40000 - 0x71b5f000 	C:\Windows\SYSTEM32\DEVOBJ.dll
0x74a50000 - 0x74ac6000 	C:\Windows\SYSTEM32\SHCORE.DLL
0x77920000 - 0x77945000 	C:\Windows\system32\IMM32.DLL
0x758c0000 - 0x759b7000 	C:\Windows\SYSTEM32\MSCTF.dll
0x72200000 - 0x723e6000 	C:\Windows\WinSxS\x86_microsoft.windows.common-controls_6595b64144ccf1df_6.0.9600.17031_none_a9efdb8b01377ea7\COMCTL32.dll
0x784b0000 - 0x7856e000 	C:\Users\Dominick\Desktop\GyroPalm IDE\GyroPalm IDE\bin\Debug\arduino\java\bin\msvcr100.dll
0x6dbd0000 - 0x6df50000 	C:\Users\Dominick\Desktop\GyroPalm IDE\GyroPalm IDE\bin\Debug\arduino\java\bin\client\jvm.dll
0x75120000 - 0x75128000 	C:\Windows\SYSTEM32\WSOCK32.dll
0x75dd0000 - 0x75dd6000 	C:\Windows\SYSTEM32\PSAPI.DLL
0x77340000 - 0x7738d000 	C:\Windows\SYSTEM32\WS2_32.dll
0x77950000 - 0x77957000 	C:\Windows\SYSTEM32\NSI.dll
0x77c70000 - 0x77c7c000 	C:\Users\Dominick\Desktop\GyroPalm IDE\GyroPalm IDE\bin\Debug\arduino\java\bin\verify.dll
0x6cd70000 - 0x6cd90000 	C:\Users\Dominick\Desktop\GyroPalm IDE\GyroPalm IDE\bin\Debug\arduino\java\bin\java.dll
0x01dc0000 - 0x01dd3000 	C:\Users\Dominick\Desktop\GyroPalm IDE\GyroPalm IDE\bin\Debug\arduino\java\bin\zip.dll
0x01de0000 - 0x01df4000 	C:\Users\Dominick\Desktop\GyroPalm IDE\GyroPalm IDE\bin\Debug\arduino\java\bin\net.dll
0x73860000 - 0x738a5000 	C:\Windows\system32\mswsock.dll
0x74d30000 - 0x74d4e000 	C:\Windows\SYSTEM32\IPHLPAPI.DLL
0x74ae0000 - 0x74ae8000 	C:\Windows\SYSTEM32\WINNSI.DLL
0x73840000 - 0x73852000 	C:\Windows\SYSTEM32\dhcpcsvc6.DLL
0x73820000 - 0x73833000 	C:\Windows\SYSTEM32\dhcpcsvc.DLL
0x746e0000 - 0x746f8000 	C:\Windows\SYSTEM32\CRYPTSP.dll
0x746b0000 - 0x746df000 	C:\Windows\system32\rsaenh.dll
0x74690000 - 0x746ad000 	C:\Windows\SYSTEM32\bcrypt.dll
0x73260000 - 0x73270000 	C:\Windows\system32\napinsp.dll
0x73240000 - 0x73254000 	C:\Windows\system32\pnrpnsp.dll
0x73220000 - 0x73232000 	C:\Windows\system32\NLAapi.dll
0x74d50000 - 0x74dcc000 	C:\Windows\SYSTEM32\DNSAPI.dll
0x73210000 - 0x73219000 	C:\Windows\System32\winrnr.dll
0x731e0000 - 0x73201000 	C:\Program Files (x86)\Bonjour\mdnsNSP.dll
0x731d0000 - 0x731df000 	C:\Windows\system32\wshbth.dll
0x730a0000 - 0x730a7000 	C:\Windows\System32\rasadhlp.dll
0x73050000 - 0x73094000 	C:\Windows\System32\fwpuclnt.dll
0x6dae0000 - 0x6daef000 	C:\Users\Dominick\Desktop\GyroPalm IDE\GyroPalm IDE\bin\Debug\arduino\java\bin\nio.dll
0x6cbe0000 - 0x6cd24000 	C:\Users\Dominick\Desktop\GyroPalm IDE\GyroPalm IDE\bin\Debug\arduino\java\bin\awt.dll
0x71db0000 - 0x71e1b000 	C:\Program Files (x86)\Common Files\microsoft shared\ink\tiptsf.dll
0x73b00000 - 0x73b09000 	C:\Windows\SYSTEM32\kernel.appcore.dll
0x6c460000 - 0x6c491000 	C:\Users\Dominick\Desktop\GyroPalm IDE\GyroPalm IDE\bin\Debug\arduino\java\bin\fontmanager.dll
0x29b90000 - 0x29bc0000 	C:\Users\Dominick\Desktop\GyroPalm IDE\GyroPalm IDE\bin\Debug\arduino\java\bin\t2k.dll
0x29960000 - 0x29992000 	C:\Users\Dominick\Desktop\GyroPalm IDE\GyroPalm IDE\bin\Debug\arduino\lib\AStylej.dll
0x6e230000 - 0x6e299000 	C:\Windows\SYSTEM32\MSVCP100.dll
0x64000000 - 0x6401b000 	C:\Users\Dominick\.jssc\windows\jSSC-2.8_x86.dll
0x75840000 - 0x758bd000 	C:\Windows\SYSTEM32\clbcatq.dll
0x6d680000 - 0x6d7cd000 	C:\Windows\SYSTEM32\WindowsCodecs.dll
0x75560000 - 0x755e6000 	C:\Windows\WinSxS\x86_microsoft.windows.common-controls_6595b64144ccf1df_5.82.9600.16384_none_7c55c866aa0c3ff0\comctl32.dll
0x71ce0000 - 0x71d28000 	C:\Windows\SYSTEM32\oleacc.dll
0x71e20000 - 0x71f68000 	C:\Windows\SYSTEM32\dbghelp.dll

VM Arguments:
jvm_args: -Xms128m -Xmx128m -Xmx512M 
java_command: processing.app.Base --board GyroPalm:avr:gp8 --port COM4 --verbose --upload gyropalm/gyropalm.gplm
Launcher Type: SUN_STANDARD

Environment Variables:
_JAVA_OPTIONS=-Xmx512M
PATH=C:\ProgramData\Oracle\Java\javapath;C:\Program Files (x86)\Intel\iCLS Client\;C:\Program Files\Intel\iCLS Client\;C:\Windows\system32;C:\Windows;C:\Windows\System32\Wbem;C:\Windows\System32\WindowsPowerShell\v1.0\;C:\Program Files\Hewlett-Packard\SimplePass\;C:\Program Files (x86)\Windows Live\Shared;C:\Program Files\Intel\Intel(R) Management Engine Components\DAL;C:\Program Files\Intel\Intel(R) Management Engine Components\IPT;C:\Program Files (x86)\Intel\Intel(R) Management Engine Components\DAL;C:\Program Files (x86)\Intel\Intel(R) Management Engine Components\IPT;C:\Program Files (x86)\Skype\Phone\;c:\Program Files (x86)\Microsoft SQL Server\100\Tools\Binn\;c:\Program Files (x86)\Microsoft SQL Server\100\DTS\Binn\;C:\Users\Dominick\Desktop\GyroPalm IDE\GyroPalm IDE\bin\Debug\arduino\java\bin
USERNAME=Dominick
OS=Windows_NT
PROCESSOR_IDENTIFIER=Intel64 Family 6 Model 60 Stepping 3, GenuineIntel



---------------  S Y S T E M  ---------------

OS: Windows 8 , 64 bit Build 9200 

CPU:total 4 (2 cores per cpu, 2 threads per core) family 6 model 60 stepping 3, cmov, cx8, fxsr, mmx, sse, sse2, sse3, ssse3, sse4.1, sse4.2, popcnt, avx, avx2, aes, erms, ht, tsc, tscinvbit

Memory: 4k page, physical 6205000k(2285396k free), swap 10661448k(4534504k free)

vm_info: Java HotSpot(TM) Client VM (24.0-b56) for windows-x86 JRE (1.7.0_40-b43), built on Aug 26 2013 22:34:40 by "java_re" with unknown MS VC++:1600

time: Mon Jun 20 15:47:17 2016
elapsed time: 16 seconds

